2022-01-11 14:04:34,996 [INFO] Adding job tentatively -- it will be properly scheduled when the scheduler starts
2022-01-11 14:04:34,997 [INFO] Adding job tentatively -- it will be properly scheduled when the scheduler starts
2022-01-11 14:05:24,278 [INFO] Adding job tentatively -- it will be properly scheduled when the scheduler starts
2022-01-11 14:05:24,278 [INFO] Adding job tentatively -- it will be properly scheduled when the scheduler starts
2022-01-11 14:05:24,278 [DEBUG] None
2022-01-11 14:05:24,280 [INFO] Added job "closeCurtains" to job store "default"
2022-01-11 14:05:24,280 [INFO] Added job "openCurtains" to job store "default"
2022-01-11 14:05:24,280 [INFO] Scheduler started
2022-01-11 14:05:24,280 [DEBUG] Looking for jobs to run
2022-01-11 14:05:24,280 [INFO] Running job "closeCurtains (trigger: date[2022-01-11 14:05:24 EET], next run at: 2022-01-11 14:05:24 EET)" (scheduled at 2022-01-11 14:05:24.232582+02:00)
2022-01-11 14:05:24,281 [INFO] Removed job 486c942ef5814f34823a83cc373a3b71
2022-01-11 14:05:24,281 [DEBUG] Next wakeup is due at 2022-01-11 14:10:24.278507+02:00 (in 299.997807 seconds)
2022-01-11 14:05:24,311 [DEBUG] Telnet SET Answer: A
2022-01-11 14:05:24,316 [DEBUG] Telnet SET Answer: A
2022-01-11 14:05:24,320 [DEBUG] Telnet SET Answer: A
2022-01-11 14:05:24,328 [DEBUG] Telnet SET Answer: A
2022-01-11 14:05:24,362 [INFO] Added job "closeCurtains" to job store "default"
2022-01-11 14:05:24,362 [DEBUG] None
2022-01-11 14:05:24,362 [INFO] Job "closeCurtains (trigger: date[2022-01-11 14:05:24 EET], next run at: 2022-01-11 14:05:24 EET)" executed successfully
2022-01-11 14:05:24,362 [DEBUG] Looking for jobs to run
2022-01-11 14:05:24,363 [DEBUG] Next wakeup is due at 2022-01-11 14:10:24.278507+02:00 (in 299.915494 seconds)
2022-01-11 14:10:24,292 [DEBUG] Looking for jobs to run
2022-01-11 14:10:24,296 [INFO] Removed job 14a74050b2884ff8a2603f266401d49e
2022-01-11 14:10:24,296 [DEBUG] Next wakeup is due at 2022-01-12 18:15:30.712945+02:00 (in 101106.418825 seconds)
2022-01-11 14:10:24,297 [INFO] Running job "openCurtains (trigger: date[2022-01-11 14:10:24 EET], next run at: 2022-01-11 14:10:24 EET)" (scheduled at 2022-01-11 14:10:24.278507+02:00)
2022-01-11 14:10:24,302 [DEBUG] Telnet SET Answer: A
2022-01-11 14:10:24,307 [DEBUG] Telnet SET Answer: A
2022-01-11 14:10:24,336 [DEBUG] Telnet SET Answer: A
2022-01-11 14:10:24,344 [DEBUG] Telnet SET Answer: A
2022-01-11 14:10:24,347 [INFO] Added job "openCurtains" to job store "default"
2022-01-11 14:10:24,347 [DEBUG] None
2022-01-11 14:10:24,347 [INFO] Job "openCurtains (trigger: date[2022-01-11 14:10:24 EET], next run at: 2022-01-11 14:10:24 EET)" executed successfully
2022-01-11 14:10:24,347 [DEBUG] Looking for jobs to run
2022-01-11 14:10:24,348 [DEBUG] Next wakeup is due at 2022-01-12 10:01:27.655831+02:00 (in 71463.307686 seconds)
2022-01-11 14:10:51,889 [INFO] Scheduler has been shut down
2022-01-11 14:10:51,889 [DEBUG] Looking for jobs to run
2022-01-11 14:10:51,889 [DEBUG] No jobs; waiting until a job is added
